<?xml version="1.0" encoding="UTF-8"?>
<!-- Generated by org.testng.reporters.JUnitXMLReporter -->
<testsuite hostname="Ćorović-PC" ignored="0" name="Default test" tests="20" failures="0" timestamp="2020-07-15T13:12:09 CEST" time="58.971" errors="0">
  <testcase name="clickHideButton" time="2.263" classname="testpage.AutomationTest"/>
  <testcase name="VerifyText" time="0.111" classname="testpage.AutomationTest"/>
  <testcase name="emuCheckBox" time="0.086" classname="testpage.AutomationTest"/>
  <testcase name="verifyNumOfCheckBoxes" time="0.048" classname="testpage.AutomationTest"/>
  <testcase name="selectRadioButton" time="2.175" classname="testpage.AutomationTest"/>
  <testcase name="selNahlaCourse" time="2.237" classname="testpage.AutomationTest"/>
  <testcase name="PromptBox" time="4.147" classname="testpage.AutomationTest"/>
  <testcase name="PrompBoxText" time="0.103" classname="testpage.AutomationTest"/>
  <testcase name="getNumberOfRows" time="2.023" classname="testpage.AutomationTest"/>
  <testcase name="getFirstAndLastNameOfStudents" time="2.31" classname="testpage.AutomationTest"/>
  <testcase name="newBrowser" time="4.288" classname="testpage.AutomationTest"/>
  <testcase name="getUrl1" time="1.048" classname="testpage.AutomationTest"/>
  <testcase name="nahlaTim" time="6.096" classname="testpage.AutomationTest"/>
  <testcase name="getUrl2" time="0.023" classname="testpage.AutomationTest"/>
  <testcase name="closeNahlaBrowser" time="2.107" classname="testpage.AutomationTest"/>
  <testcase name="dragAndDrop" time="2.394" classname="testpage.AutomationTest"/>
  <testcase name="moveMouse" time="2.198" classname="testpage.AutomationTest"/>
  <testcase name="ts" time="2.446" classname="testpage.AutomationTest"/>
  <testcase name="clickVolontiraj" time="3.62" classname="testpage.AutomationTest"/>
  <testcase name="getUrl3" time="2.029" classname="testpage.AutomationTest"/>
</testsuite> <!-- Default test -->
